<?xml version="1.0" encoding="UTF-8"?>
<!-- Generated by org.testng.reporters.JUnitXMLReporter -->
<testsuite hostname="ksinha-T490" ignored="0" name="Regression1" tests="8" failures="4" timestamp="2022-08-03T10:20:27 IST" time="24.669" errors="0">
  <testcase name="testAddNewComment" time="12.432" classname="com.jpmorgan.integration.PostCommentTest"/>
  <testcase name="testAddNewCommentPostIDWithNull" time="0.0" classname="com.jpmorgan.integration.PostCommentTest">
    <failure type="java.lang.NullPointerException">
      <![CDATA[java.lang.NullPointerException
at com.jpmorgan.integration.PostCommentTest.testAddNewCommentPostIDWithNull(PostCommentTest.java:107)
at java.util.ArrayList.forEach(ArrayList.java:1259)
... Removed 31 stack frames]]>
    </failure>
  </testcase> <!-- testAddNewCommentPostIDWithNull -->
  <testcase name="testComments" time="1.344" classname="com.jpmorgan.integration.PostCommentTest"/>
  <testcase name="testDeleteComment" time="3.506" classname="com.jpmorgan.integration.PostCommentTest">
    <failure type="java.lang.AssertionError" message="expected [200] but found [404]">
      <![CDATA[java.lang.AssertionError: expected [200] but found [404]
at com.jpmorgan.integration.PostCommentTest.testDeleteComment(PostCommentTest.java:97)
at java.util.ArrayList.forEach(ArrayList.java:1259)
... Removed 36 stack frames]]>
    </failure>
  </testcase> <!-- testDeleteComment -->
  <testcase name="testUpdateComment" time="1.192" classname="com.jpmorgan.integration.PostCommentTest">
    <failure type="javax.xml.bind.MarshalException">
      <![CDATA[javax.xml.bind.MarshalException
 - with linked exception:
[com.sun.istack.internal.SAXException2: unable to marshal type "org.json.JSONObject" as an element because it is missing an @XmlRootElement annotation]
at com.sun.xml.internal.bind.v2.runtime.MarshallerImpl.write(MarshallerImpl.java:311)
at com.sun.xml.internal.bind.v2.runtime.MarshallerImpl.marshal(MarshallerImpl.java:236)
at javax.xml.bind.helpers.AbstractMarshallerImpl.marshal(AbstractMarshallerImpl.java:116)
at javax.xml.bind.Marshaller$marshal$0.call(Unknown Source)
at org.codehaus.groovy.runtime.callsite.CallSiteArray.defaultCall(CallSiteArray.java:46)
at org.codehaus.groovy.runtime.callsite.AbstractCallSite.call(AbstractCallSite.java:125)
at org.codehaus.groovy.runtime.callsite.AbstractCallSite.call(AbstractCallSite.java:148)
at io.restassured.internal.mapping.JaxbMapper.serialize(JaxbMapper.groovy:50)
at io.restassured.mapper.ObjectMapper$serialize.call(Unknown Source)
at org.codehaus.groovy.runtime.callsite.CallSiteArray.defaultCall(CallSiteArray.java:46)
at org.codehaus.groovy.runtime.callsite.AbstractCallSite.call(AbstractCallSite.java:125)
at org.codehaus.groovy.runtime.callsite.AbstractCallSite.call(AbstractCallSite.java:139)
at io.restassured.internal.mapping.ObjectMapping.serializeWithJaxb(ObjectMapping.groovy:222)
at org.codehaus.groovy.runtime.callsite.StaticMetaMethodSite$StaticMetaMethodSiteNoUnwrapNoCoerce.invoke(StaticMetaMethodSite.java:153)
at org.codehaus.groovy.runtime.callsite.StaticMetaMethodSite.callStatic(StaticMetaMethodSite.java:102)
at org.codehaus.groovy.runtime.callsite.CallSiteArray.defaultCallStatic(CallSiteArray.java:54)
at org.codehaus.groovy.runtime.callsite.AbstractCallSite.callStatic(AbstractCallSite.java:217)
at org.codehaus.groovy.runtime.callsite.AbstractCallSite.callStatic(AbstractCallSite.java:240)
at io.restassured.internal.mapping.ObjectMapping.serialize(ObjectMapping.groovy:143)
at io.restassured.internal.mapping.ObjectMapping$serialize.call(Unknown Source)
at org.codehaus.groovy.runtime.callsite.CallSiteArray.defaultCall(CallSiteArray.java:46)
at org.codehaus.groovy.runtime.callsite.AbstractCallSite.call(AbstractCallSite.java:125)
at io.restassured.internal.RequestSpecificationImpl.body(RequestSpecificationImpl.groovy:756)
at com.jpmorgan.integration.PostCommentTest.testUpdateComment(PostCommentTest.java:78)
at java.util.ArrayList.forEach(ArrayList.java:1259)
Caused by: com.sun.istack.internal.SAXException2: unable to marshal type "org.json.JSONObject" as an element because it is missing an @XmlRootElement annotation
at com.sun.xml.internal.bind.v2.runtime.XMLSerializer.reportError(XMLSerializer.java:234)
at com.sun.xml.internal.bind.v2.runtime.ClassBeanInfoImpl.serializeRoot(ClassBeanInfoImpl.java:323)
at com.sun.xml.internal.bind.v2.runtime.XMLSerializer.childAsRoot(XMLSerializer.java:479)
at com.sun.xml.internal.bind.v2.runtime.MarshallerImpl.write(MarshallerImpl.java:308)
... 60 more
... Removed 36 stack frames]]>
    </failure>
  </testcase> <!-- testUpdateComment -->
  <testcase name="testAddNewPost" time="1.316" classname="com.jpmorgan.integration.MakePostTest"/>
  <testcase name="testDeletePost" time="2.364" classname="com.jpmorgan.integration.MakePostTest">
    <failure type="java.lang.AssertionError" message="expected [200] but found [404]">
      <![CDATA[java.lang.AssertionError: expected [200] but found [404]
at com.jpmorgan.integration.MakePostTest.testDeletePost(MakePostTest.java:69)
at java.util.ArrayList.forEach(ArrayList.java:1259)
... Removed 36 stack frames]]>
    </failure>
  </testcase> <!-- testDeletePost -->
  <testcase name="testGetPostDetails" time="1.233" classname="com.jpmorgan.integration.MakePostTest"/>
</testsuite> <!-- Regression1 -->
